Unity Editor version:    2020.3.44f1 (7f159b6136da)
Branch:                  2020.3/release
Build type:              Release
Batch mode:              YES
System name:             Linux
Distro version:          #1 SMP PREEMPT_DYNAMIC Debian 6.0.2-1parrot1 (2022-10-18)
Kernel version:          6.0.0-2parrot1-amd64
Architecture:            x86_64
Available memory:        7806 MB
Using pre-set license
Pro License: NO
Desktop is 1920 x 1080 @ 60 Hz

COMMAND LINE ARGUMENTS:
Unity
-adb2
-batchMode
-noUpm
-name
AssetImportWorker0
-projectPath
/home/caffeine/Documents/Tools/Unity/Amerta
-logFile
Logs/AssetImportWorker0.log
-srvPort
42011
Successfully changed project path to: /home/caffeine/Documents/Tools/Unity/Amerta
/home/caffeine/Documents/Tools/Unity/Amerta
Using Asset Import Pipeline V2.
Player connection [140350823863040] Host "[IP] 192.168.1.15 [Port] 0 [Flags] 2 [Guid] 477097342 [EditorId] 477097342 [Version] 1048832 [Id] LinuxEditor(16,192.168.1.15) [Debug] 1 [PackageName] LinuxEditor [ProjectName] Editor" joined multi-casting on [225.0.0.222:54997]...

Player connection [140350823863040] Host "[IP] 192.168.1.15 [Port] 0 [Flags] 2 [Guid] 477097342 [EditorId] 477097342 [Version] 1048832 [Id] LinuxEditor(16,192.168.1.15) [Debug] 1 [PackageName] LinuxEditor [ProjectName] Editor" joined alternative multi-casting on [225.0.0.222:34997]...

Refreshing native plugins compatible for Editor in 67,12 ms, found 1 plugins.
Preloading 0 native plugins for Editor in 0,00 ms.
Initialize engine version: 2020.3.44f1 (7f159b6136da)
[Subsystems] Discovering subsystems at path /home/caffeine/Documents/Tools/Unity/Hub/Editor/2020.3.44f1/Editor/Data/Resources/UnitySubsystems
[Subsystems] Discovering subsystems at path /home/caffeine/Documents/Tools/Unity/Amerta/Assets
GLX Extensions: GLX_ARB_create_context GLX_ARB_create_context_no_error GLX_ARB_create_context_profile GLX_ARB_create_context_robustness GLX_ARB_fbconfig_float GLX_ARB_framebuffer_sRGB GLX_ARB_get_proc_address GLX_ARB_multisample GLX_EXT_buffer_age GLX_EXT_create_context_es2_profile GLX_EXT_create_context_es_profile GLX_EXT_fbconfig_packed_float GLX_EXT_framebuffer_sRGB GLX_EXT_import_context GLX_EXT_swap_control GLX_EXT_swap_control_tear GLX_EXT_texture_from_pixmap GLX_EXT_visual_info GLX_EXT_visual_rating GLX_INTEL_swap_event GLX_MESA_copy_sub_buffer GLX_MESA_query_renderer GLX_MESA_swap_control GLX_OML_swap_method GLX_OML_sync_control GLX_SGIS_multisample GLX_SGIX_fbconfig GLX_SGIX_pbuffer GLX_SGIX_visual_select_group GLX_SGI_make_current_read GLX_SGI_swap_control GLX_SGI_video_sync 
Renderer: Mesa Intel(R) UHD Graphics 630 (CFL GT2)
Vendor:   Intel
Version:  4.6 (Core Profile) Mesa 20.3.5
GLES:     0
 GL_3DFX_texture_compression_FXT1 GL_AMD_conservative_depth GL_AMD_depth_clamp_separate GL_AMD_draw_buffers_blend GL_AMD_gpu_shader_int64 GL_AMD_multi_draw_indirect GL_AMD_performance_monitor GL_AMD_pinned_memory GL_AMD_query_buffer_object GL_AMD_seamless_cubemap_per_texture GL_AMD_shader_stencil_export GL_AMD_shader_trinary_minmax GL_AMD_texture_texture4 GL_AMD_vertex_shader_layer GL_AMD_vertex_shader_viewport_index GL_ANGLE_texture_compression_dxt3 GL_ANGLE_texture_compression_dxt5 GL_ARB_ES2_compatibility GL_ARB_ES3_1_compatibility GL_ARB_ES3_2_compatibility GL_ARB_ES3_compatibility GL_ARB_arrays_of_arrays GL_ARB_base_instance GL_ARB_blend_func_extended GL_ARB_buffer_storage GL_ARB_clear_buffer_object GL_ARB_clear_texture GL_ARB_clip_control GL_ARB_compressed_texture_pixel_storage GL_ARB_compute_shader GL_ARB_compute_variable_group_size GL_ARB_conditional_render_inverted GL_ARB_conservative_depth GL_ARB_copy_buffer GL_ARB_copy_image GL_ARB_cull_distance GL_ARB_debug_output GL_ARB_depth_buffer_float GL_ARB
_depth_clamp GL_ARB_derivative_control GL_ARB_direct_state_access GL_ARB_draw_buffers GL_ARB_draw_buffers_blend GL_ARB_draw_elements_base_vertex GL_ARB_draw_indirect GL_ARB_draw_instanced GL_ARB_enhanced_layouts GL_ARB_explicit_attrib_location GL_ARB_explicit_uniform_location GL_ARB_fragment_coord_conventions GL_ARB_fragment_layer_viewport GL_ARB_fragment_shader GL_ARB_fragment_shader_interlock GL_ARB_framebuffer_no_attachments GL_ARB_framebuffer_object GL_ARB_framebuffer_sRGB GL_ARB_get_program_binary GL_ARB_get_texture_sub_image GL_ARB_gl_spirv GL_ARB_gpu_shader5 GL_ARB_gpu_shader_fp64 GL_ARB_gpu_shader_int64 GL_ARB_half_float_pixel GL_ARB_half_float_vertex GL_ARB_indirect_parameters GL_ARB_instanced_arrays GL_ARB_internalformat_query GL_ARB_internalformat_query2 GL_ARB_invalidate_subdata GL_ARB_map_buffer_alignment GL_ARB_map_buffer_range GL_ARB_multi_bind GL_ARB_multi_draw_indirect GL_ARB_occlusion_query2 GL_ARB_parallel_shader_compile GL_ARB_pipeline_statistics_query GL_ARB_pixel_buffer_object GL_ARB_po
int_sprite GL_ARB_polygon_offset_clamp GL_ARB_post_depth_coverage GL_ARB_program_interface_query GL_ARB_provoking_vertex GL_ARB_query_buffer_object GL_ARB_robust_buffer_access_behavior GL_ARB_robustness GL_ARB_sample_shading GL_ARB_sampler_objects GL_ARB_seamless_cube_map GL_ARB_seamless_cubemap_per_texture GL_ARB_separate_shader_objects GL_ARB_shader_atomic_counter_ops GL_ARB_shader_atomic_counters GL_ARB_shader_ballot GL_ARB_shader_bit_encoding GL_ARB_shader_clock GL_ARB_shader_draw_parameters GL_ARB_shader_group_vote GL_ARB_shader_image_load_store GL_ARB_shader_image_size GL_ARB_shader_objects GL_ARB_shader_precision GL_ARB_shader_stencil_export GL_ARB_shader_storage_buffer_object GL_ARB_shader_subroutine GL_ARB_shader_texture_image_samples GL_ARB_shader_texture_lod GL_ARB_shader_viewport_layer_array GL_ARB_shading_language_420pack GL_ARB_shading_language_include GL_ARB_shading_language_packing GL_ARB_spirv_extensions GL_ARB_stencil_texturing GL_ARB_sync GL_ARB_tessellation_shader GL_ARB_texture_barrier G
L_ARB_texture_buffer_object GL_ARB_texture_buffer_object_rgb32 GL_ARB_texture_buffer_range GL_ARB_texture_compression_bptc GL_ARB_texture_compression_rgtc GL_ARB_texture_cube_map_array GL_ARB_texture_filter_anisotropic GL_ARB_texture_float GL_ARB_texture_gather GL_ARB_texture_mirror_clamp_to_edge GL_ARB_texture_multisample GL_ARB_texture_non_power_of_two GL_ARB_texture_query_levels GL_ARB_texture_query_lod GL_ARB_texture_rectangle GL_ARB_texture_rg GL_ARB_texture_rgb10_a2ui GL_ARB_texture_stencil8 GL_ARB_texture_storage GL_ARB_texture_storage_multisample GL_ARB_texture_swizzle GL_ARB_texture_view GL_ARB_timer_query GL_ARB_transform_feedback2 GL_ARB_transform_feedback3 GL_ARB_transform_feedback_instanced GL_ARB_transform_feedback_overflow_query GL_ARB_uniform_buffer_object GL_ARB_vertex_array_bgra GL_ARB_vertex_array_object GL_ARB_vertex_attrib_64bit GL_ARB_vertex_attrib_binding GL_ARB_vertex_buffer_object GL_ARB_vertex_shader GL_ARB_vertex_type_10f_11f_11f_rev GL_ARB_vertex_type_2_10_10_10_rev GL_ARB_viewpor
t_array GL_ATI_blend_equation_separate GL_ATI_texture_float GL_EXT_EGL_image_storage GL_EXT_EGL_sync GL_EXT_abgr GL_EXT_blend_equation_separate GL_EXT_demote_to_helper_invocation GL_EXT_draw_buffers2 GL_EXT_draw_instanced GL_EXT_framebuffer_blit GL_EXT_framebuffer_multisample GL_EXT_framebuffer_multisample_blit_scaled GL_EXT_framebuffer_object GL_EXT_framebuffer_sRGB GL_EXT_packed_depth_stencil GL_EXT_packed_float GL_EXT_pixel_buffer_object GL_EXT_polygon_offset_clamp GL_EXT_provoking_vertex GL_EXT_semaphore GL_EXT_semaphore_fd GL_EXT_shader_framebuffer_fetch GL_EXT_shader_framebuffer_fetch_non_coherent GL_EXT_shader_integer_mix GL_EXT_shader_samples_identical GL_EXT_texture_array GL_EXT_texture_compression_dxt1 GL_EXT_texture_compression_rgtc GL_EXT_texture_compression_s3tc GL_EXT_texture_filter_anisotropic GL_EXT_texture_integer GL_EXT_texture_sRGB GL_EXT_texture_sRGB_R8 GL_EXT_texture_sRGB_decode GL_EXT_texture_shadow_lod GL_EXT_texture_shared_exponent GL_EXT_texture_snorm GL_EXT_texture_swizzle GL_EXT_ti
mer_query GL_EXT_transform_feedback GL_EXT_vertex_array_bgra GL_EXT_vertex_attrib_64bit GL_IBM_multimode_draw_arrays GL_INTEL_blackhole_render GL_INTEL_conservative_rasterization GL_INTEL_performance_query GL_INTEL_shader_atomic_float_minmax GL_INTEL_shader_integer_functions2 GL_KHR_blend_equation_advanced GL_KHR_blend_equation_advanced_coherent GL_KHR_context_flush_control GL_KHR_debug GL_KHR_no_error GL_KHR_parallel_shader_compile GL_KHR_robust_buffer_access_behavior GL_KHR_robustness GL_KHR_texture_compression_astc_ldr GL_KHR_texture_compression_astc_sliced_3d GL_MESA_framebuffer_flip_y GL_MESA_pack_invert GL_MESA_shader_integer_functions GL_MESA_texture_signed_rgba GL_NV_compute_shader_derivatives GL_NV_conditional_render GL_NV_copy_image GL_NV_depth_clamp GL_NV_fragment_shader_interlock GL_NV_packed_depth_stencil GL_NV_texture_barrier GL_OES_EGL_image GL_S3_s3tc
OPENGL LOG: Creating OpenGL 4.6 graphics device ; Context level  <OpenGL 4.5> ; Context handle 70062608
Initialize mono
Mono path[0] = '/home/caffeine/Documents/Tools/Unity/Hub/Editor/2020.3.44f1/Editor/Data/Managed'
Mono path[1] = '/home/caffeine/Documents/Tools/Unity/Hub/Editor/2020.3.44f1/Editor/Data/MonoBleedingEdge/lib/mono/unityjit'
Mono config path = '/home/caffeine/Documents/Tools/Unity/Hub/Editor/2020.3.44f1/Editor/Data/MonoBleedingEdge/etc'
Using monoOptions --debugger-agent=transport=dt_socket,embedding=1,server=y,suspend=n,address=127.0.0.1:56190
Begin MonoManager ReloadAssembly
Registering precompiled unity dll's ...
Register platform support module: /home/caffeine/Documents/Tools/Unity/Hub/Editor/2020.3.44f1/Editor/Data/PlaybackEngines/LinuxStandaloneSupport/UnityEditor.LinuxStandalone.Extensions.dll
Registered in 0,003696 seconds.
Native extension for LinuxStandalone target not found
Refreshing native plugins compatible for Editor in 70,18 ms, found 1 plugins.
Preloading 0 native plugins for Editor in 0,00 ms.
Mono: successfully reloaded assembly
- Completed reload, in  1,002 seconds
Domain Reload Profiling:
	ReloadAssembly (1002ms)
		BeginReloadAssembly (93ms)
			ExecutionOrderSort (0ms)
			DisableScriptedObjects (0ms)
			BackupInstance (0ms)
			ReleaseScriptingObjects (0ms)
			CreateAndSetChildDomain (1ms)
		EndReloadAssembly (786ms)
			LoadAssemblies (89ms)
			RebuildTransferFunctionScriptingTraits (0ms)
			SetupTypeCache (251ms)
			ReleaseScriptCaches (0ms)
			RebuildScriptCaches (58ms)
			SetupLoadedEditorAssemblies (330ms)
				LogAssemblyErrors (0ms)
				InitializePlatformSupportModulesInManaged (8ms)
				SetLoadedEditorAssemblies (0ms)
				RefreshPlugins (70ms)
				BeforeProcessingInitializeOnLoad (14ms)
				ProcessInitializeOnLoadAttributes (179ms)
				ProcessInitializeOnLoadMethodAttributes (58ms)
				AfterProcessingInitializeOnLoad (0ms)
				EditorAssembliesLoaded (1ms)
			ExecutionOrderSort2 (0ms)
			AwakeInstancesAfterBackupRestoration (0ms)
Platform modules already initialized, skipping
Registering precompiled user dll's ...
Registered in 0,004661 seconds.
Begin MonoManager ReloadAssembly
Native extension for LinuxStandalone target not found
Refreshing native plugins compatible for Editor in 70,68 ms, found 1 plugins.
Preloading 0 native plugins for Editor in 0,00 ms.
Mono: successfully reloaded assembly
- Completed reload, in  1,779 seconds
Domain Reload Profiling:
	ReloadAssembly (1781ms)
		BeginReloadAssembly (229ms)
			ExecutionOrderSort (0ms)
			DisableScriptedObjects (8ms)
			BackupInstance (0ms)
			ReleaseScriptingObjects (0ms)
			CreateAndSetChildDomain (26ms)
		EndReloadAssembly (1456ms)
			LoadAssemblies (144ms)
			RebuildTransferFunctionScriptingTraits (0ms)
			SetupTypeCache (476ms)
			ReleaseScriptCaches (0ms)
			RebuildScriptCaches (89ms)
			SetupLoadedEditorAssemblies (589ms)
				LogAssemblyErrors (0ms)
				InitializePlatformSupportModulesInManaged (7ms)
				SetLoadedEditorAssemblies (0ms)
				RefreshPlugins (71ms)
				BeforeProcessingInitializeOnLoad (106ms)
				ProcessInitializeOnLoadAttributes (359ms)
				ProcessInitializeOnLoadMethodAttributes (33ms)
				AfterProcessingInitializeOnLoad (13ms)
				EditorAssembliesLoaded (0ms)
			ExecutionOrderSort2 (0ms)
			AwakeInstancesAfterBackupRestoration (3ms)
Platform modules already initialized, skipping
========================================================================
Worker process is ready to serve import requests
Launched and connected shader compiler UnityShaderCompiler after 0.01 seconds
Refreshing native plugins compatible for Editor in 0,64 ms, found 1 plugins.
Preloading 0 native plugins for Editor in 0,00 ms.
Unloading 2184 Unused Serialized files (Serialized files now loaded: 0)
System memory in use before: 90,8 MB.
System memory in use after: 90,7 MB.

Unloading 31 unused Assets to reduce memory usage. Loaded Objects now: 2616.
Total: 8,733161 ms (FindLiveObjects: 0,209006 ms CreateObjectMapping: 0,079681 ms MarkObjects: 7,856056 ms  DeleteObjects: 0,586683 ms)

AssetImportParameters requested are different than current active one (requested -> active):
  custom:video-decoder-ogg-theora: a1e56fd34408186e4bbccfd4996cb3dc -> 
  custom:container-muxer-webm: aa71ff27fc2769a1b78a27578f13a17b -> 
  custom:container-demuxer-webm: 4f35f7cbe854078d1ac9338744f61a02 -> 
  custom:container-demuxer-ogg: 62fdf1f143b41e24485cea50d1cbac27 -> 
  custom:video-encoder-webm-vp8: eb34c28f22e8b96e1ab97ce403110664 -> 
  custom:video-decoder-webm-vp8: 9c59270c3fd7afecdb556c50c9e8de78 -> 
  custom:audio-decoder-ogg-vorbis: bf7c407c2cedff20999df2af8eb42d56 -> 
  custom:audio-encoder-webm-vorbis: bf7c407c2cedff20999df2af8eb42d56 -> 
========================================================================
Received Import Request.
  path: Assets/Prefabs/Characters
  artifactKey: Guid(229a80ce2d67ee0cc8d2b58892659896) Importer(815301076,1909f56bfc062723c751e8b465ee728b)
Start importing Assets/Prefabs/Characters using Guid(229a80ce2d67ee0cc8d2b58892659896) Importer(815301076,1909f56bfc062723c751e8b465ee728b)  -> (artifact id: '98591165ada60aefe4077ab1d80753e8') in 0,007419 seconds 
========================================================================
Received Import Request.
  Time since last request: 10,057583 seconds.
  path: Assets/Prefabs/Characters/Siska.prefab
  artifactKey: Guid(55fa0f61e8a15709b9b2d1b72d06de6f) Importer(815301076,1909f56bfc062723c751e8b465ee728b)
Start importing Assets/Prefabs/Characters/Siska.prefab using Guid(55fa0f61e8a15709b9b2d1b72d06de6f) Importer(815301076,1909f56bfc062723c751e8b465ee728b)  -> (artifact id: '525f73ccfecdab675dad9d0096fb66d2') in 0,032617 seconds 
========================================================================
Received Import Request.
  Time since last request: 7,386567 seconds.
  path: Assets/Prefabs/Characters/Erin.prefab
  artifactKey: Guid(55fa0f61e8a15709b9b2d1b72d06de6f) Importer(815301076,1909f56bfc062723c751e8b465ee728b)
Start importing Assets/Prefabs/Characters/Erin.prefab using Guid(55fa0f61e8a15709b9b2d1b72d06de6f) Importer(815301076,1909f56bfc062723c751e8b465ee728b)  -> (artifact id: 'ac2ab339c05211d799ef3b9fa2c0ef75') in 0,003535 seconds 
========================================================================
Received Import Request.
  Time since last request: 8,547639 seconds.
  path: Assets/Prefabs/Enemies
  artifactKey: Guid(0d1b122c05af13bb2a2a432b95b1b9e0) Importer(815301076,1909f56bfc062723c751e8b465ee728b)
Start importing Assets/Prefabs/Enemies using Guid(0d1b122c05af13bb2a2a432b95b1b9e0) Importer(815301076,1909f56bfc062723c751e8b465ee728b)  -> (artifact id: 'a36a4171f427e70d818d66a21db76d20') in 0,001796 seconds 
========================================================================
Received Import Request.
  Time since last request: 53,008357 seconds.
  path: Assets/Prefabs/Characters/Sekar.prefab
  artifactKey: Guid(55fa0f61e8a15709b9b2d1b72d06de6f) Importer(815301076,1909f56bfc062723c751e8b465ee728b)
Start importing Assets/Prefabs/Characters/Sekar.prefab using Guid(55fa0f61e8a15709b9b2d1b72d06de6f) Importer(815301076,1909f56bfc062723c751e8b465ee728b)  -> (artifact id: '3f8f94b3480b77efd6e49f8c887f6b48') in 0,003450 seconds 
========================================================================
Received Import Request.
  Time since last request: 35,576816 seconds.
  path: Assets/Art/Sprites/Character/SKRidle.png
  artifactKey: Guid(65ae179e03e260a809f0fb1988e80668) Importer(815301076,1909f56bfc062723c751e8b465ee728b)
Start importing Assets/Art/Sprites/Character/SKRidle.png using Guid(65ae179e03e260a809f0fb1988e80668) Importer(815301076,1909f56bfc062723c751e8b465ee728b)  -> (artifact id: '4ce90db84b7b8e55168e84af3707bb9f') in 0,087626 seconds 
========================================================================
Received Import Request.
  Time since last request: 0,000189 seconds.
  path: Assets/Art/Sprites/Character/SKRwalk1.png
  artifactKey: Guid(bc3110f7b415ced67a3fba461ca8ea95) Importer(815301076,1909f56bfc062723c751e8b465ee728b)
Start importing Assets/Art/Sprites/Character/SKRwalk1.png using Guid(bc3110f7b415ced67a3fba461ca8ea95) Importer(815301076,1909f56bfc062723c751e8b465ee728b)  -> (artifact id: '5cb651d6be5a0b469b2cdae255b4f313') in 0,010593 seconds 
========================================================================
Received Import Request.
  Time since last request: 0,000321 seconds.
  path: Assets/Art/Sprites/Character/SKRjump.png
  artifactKey: Guid(847e520e2d229eb50b167423e3db1d0b) Importer(815301076,1909f56bfc062723c751e8b465ee728b)
Start importing Assets/Art/Sprites/Character/SKRjump.png using Guid(847e520e2d229eb50b167423e3db1d0b) Importer(815301076,1909f56bfc062723c751e8b465ee728b)  -> (artifact id: '44668bc971b473fc6604ab930113ebda') in 0,008713 seconds 
========================================================================
Received Import Request.
  Time since last request: 17,195611 seconds.
  path: Assets/Art/Sprites/Environment/Ground
  artifactKey: Guid(9909ca0060df576a8a55f7fa4164663f) Importer(815301076,1909f56bfc062723c751e8b465ee728b)
Start importing Assets/Art/Sprites/Environment/Ground using Guid(9909ca0060df576a8a55f7fa4164663f) Importer(815301076,1909f56bfc062723c751e8b465ee728b)  -> (artifact id: 'ca4ddbec7c7134dc262d356cb689ee07') in 0,002920 seconds 
========================================================================
Received Import Request.
  Time since last request: 9,803890 seconds.
  path: Assets/Art/Sprites/Environment/Bridge
  artifactKey: Guid(77ff1acd7ecda18fc96b6ab66abb9cdb) Importer(815301076,1909f56bfc062723c751e8b465ee728b)
Start importing Assets/Art/Sprites/Environment/Bridge using Guid(77ff1acd7ecda18fc96b6ab66abb9cdb) Importer(815301076,1909f56bfc062723c751e8b465ee728b)  -> (artifact id: '1673ececbfc3e5df7f83d71ff93ed756') in 0,002046 seconds 
========================================================================
Received Import Request.
  Time since last request: 5,479822 seconds.
  path: Assets/Art/Sprites/Environment/New Folder
  artifactKey: Guid(8a295082695d6b891a285f16025245a3) Importer(815301076,1909f56bfc062723c751e8b465ee728b)
Start importing Assets/Art/Sprites/Environment/New Folder using Guid(8a295082695d6b891a285f16025245a3) Importer(815301076,1909f56bfc062723c751e8b465ee728b)  -> (artifact id: '714a254d94a0985c3b41a17594e1968d') in 0,001853 seconds 
========================================================================
Received Import Request.
  Time since last request: 6,862593 seconds.
  path: Assets/Art/Sprites/Environment/Tree
  artifactKey: Guid(8a295082695d6b891a285f16025245a3) Importer(815301076,1909f56bfc062723c751e8b465ee728b)
Start importing Assets/Art/Sprites/Environment/Tree using Guid(8a295082695d6b891a285f16025245a3) Importer(815301076,1909f56bfc062723c751e8b465ee728b)  -> (artifact id: '45f78dfdb116ead2011b4d2026c5e853') in 0,001226 seconds 
========================================================================
Received Import Request.
  Time since last request: 21,377617 seconds.
  path: Assets/Art/Sprites/Environment/Tree/Background Tree 1.png
  artifactKey: Guid(cb8e943eebae2de279e14eae2ec72f02) Importer(815301076,1909f56bfc062723c751e8b465ee728b)
Start importing Assets/Art/Sprites/Environment/Tree/Background Tree 1.png using Guid(cb8e943eebae2de279e14eae2ec72f02) Importer(815301076,1909f56bfc062723c751e8b465ee728b)  -> (artifact id: 'd4e709ddc72a19add1606aefeaaba3fd') in 0,015226 seconds 
========================================================================
Received Import Request.
  Time since last request: 0,000342 seconds.
  path: Assets/Art/Sprites/Environment/Tree/Background Tree 4.png
  artifactKey: Guid(59f291f09f39b3a3a8e86428a13fbae9) Importer(815301076,1909f56bfc062723c751e8b465ee728b)
Start importing Assets/Art/Sprites/Environment/Tree/Background Tree 4.png using Guid(59f291f09f39b3a3a8e86428a13fbae9) Importer(815301076,1909f56bfc062723c751e8b465ee728b)  -> (artifact id: '110c5ffc748045ea2383c6a97f2ec5bd') in 0,012208 seconds 
========================================================================
Received Import Request.
  Time since last request: 0,000245 seconds.
  path: Assets/Art/Sprites/Environment/Tree/Midground Tree 1.png
  artifactKey: Guid(dd208085e76fa4eb3ad0ec803cc1c39c) Importer(815301076,1909f56bfc062723c751e8b465ee728b)
Start importing Assets/Art/Sprites/Environment/Tree/Midground Tree 1.png using Guid(dd208085e76fa4eb3ad0ec803cc1c39c) Importer(815301076,1909f56bfc062723c751e8b465ee728b)  -> (artifact id: '86aa2378a7cecfde6e9c8b8b9adac41d') in 0,031436 seconds 
========================================================================
Received Import Request.
  Time since last request: 0,000324 seconds.
  path: Assets/Art/Sprites/Environment/Tree/Background Tree 3.png
  artifactKey: Guid(4f7abb3552286010ba78afc644cb3118) Importer(815301076,1909f56bfc062723c751e8b465ee728b)
Start importing Assets/Art/Sprites/Environment/Tree/Background Tree 3.png using Guid(4f7abb3552286010ba78afc644cb3118) Importer(815301076,1909f56bfc062723c751e8b465ee728b)  -> (artifact id: '2d6624974390bc7d6914396e7df64d46') in 0,026835 seconds 
========================================================================
Received Import Request.
  Time since last request: 0,000201 seconds.
  path: Assets/Art/Sprites/Environment/Tree/TRees.png
  artifactKey: Guid(c31a2bf6236545708b1c14ad75616a0b) Importer(815301076,1909f56bfc062723c751e8b465ee728b)
Start importing Assets/Art/Sprites/Environment/Tree/TRees.png using Guid(c31a2bf6236545708b1c14ad75616a0b) Importer(815301076,1909f56bfc062723c751e8b465ee728b)  -> (artifact id: '293544b67c4d2ad92b6161f349889ab2') in 0,018713 seconds 
========================================================================
Received Import Request.
  Time since last request: 0,000416 seconds.
  path: Assets/Art/Sprites/Environment/Tree/Midground Tree 2.png
  artifactKey: Guid(3d1fa31dc841a283fb7a3f046a170096) Importer(815301076,1909f56bfc062723c751e8b465ee728b)
Start importing Assets/Art/Sprites/Environment/Tree/Midground Tree 2.png using Guid(3d1fa31dc841a283fb7a3f046a170096) Importer(815301076,1909f56bfc062723c751e8b465ee728b)  -> (artifact id: '3abe5842ae77b8a54bd92abe4d480791') in 0,022379 seconds 
========================================================================
Received Import Request.
  Time since last request: 0,000261 seconds.
  path: Assets/Art/Sprites/Environment/Tree/Background Tree 2.png
  artifactKey: Guid(84c725c8660fc653ab442bff202241c4) Importer(815301076,1909f56bfc062723c751e8b465ee728b)
Start importing Assets/Art/Sprites/Environment/Tree/Background Tree 2.png using Guid(84c725c8660fc653ab442bff202241c4) Importer(815301076,1909f56bfc062723c751e8b465ee728b)  -> (artifact id: '17eb449e1f96754929cfe8d361c6f9f2') in 0,021601 seconds 
========================================================================
Received Import Request.
  Time since last request: 15,200619 seconds.
  path: Assets/Art/Sprites/Environment/Ground/Floating Rock.png
  artifactKey: Guid(a831c732510028172939dc5070a3b055) Importer(815301076,1909f56bfc062723c751e8b465ee728b)
Start importing Assets/Art/Sprites/Environment/Ground/Floating Rock.png using Guid(a831c732510028172939dc5070a3b055) Importer(815301076,1909f56bfc062723c751e8b465ee728b)  -> (artifact id: '165a997afb3275dbb6052be444d773c2') in 0,012333 seconds 
========================================================================
Received Import Request.
  Time since last request: 0,000290 seconds.
  path: Assets/Art/Sprites/Environment/Ground/Ground 4.png
  artifactKey: Guid(7b1bdce86a6d4270fa5581d149f9d84d) Importer(815301076,1909f56bfc062723c751e8b465ee728b)
Start importing Assets/Art/Sprites/Environment/Ground/Ground 4.png using Guid(7b1bdce86a6d4270fa5581d149f9d84d) Importer(815301076,1909f56bfc062723c751e8b465ee728b)  -> (artifact id: '672d8e83d899913eb70e3e67fa14bdd2') in 0,017022 seconds 
========================================================================
Received Import Request.
  Time since last request: 0,000228 seconds.
  path: Assets/Art/Sprites/Environment/Ground/Ground 3.png
  artifactKey: Guid(4b87c530ed6e65e3885ec0d7d0df4be6) Importer(815301076,1909f56bfc062723c751e8b465ee728b)
Start importing Assets/Art/Sprites/Environment/Ground/Ground 3.png using Guid(4b87c530ed6e65e3885ec0d7d0df4be6) Importer(815301076,1909f56bfc062723c751e8b465ee728b)  -> (artifact id: '92e6a204a401995b857de1840b7cf3b6') in 0,015109 seconds 
========================================================================
Received Import Request.
  Time since last request: 0,000255 seconds.
  path: Assets/Art/Sprites/Environment/Ground/Ground 2.png
  artifactKey: Guid(4a1634048a9ea7ae18513bbd85c79485) Importer(815301076,1909f56bfc062723c751e8b465ee728b)
Start importing Assets/Art/Sprites/Environment/Ground/Ground 2.png using Guid(4a1634048a9ea7ae18513bbd85c79485) Importer(815301076,1909f56bfc062723c751e8b465ee728b)  -> (artifact id: 'd9d6449a9a22c0b39364309be7e5466a') in 0,023140 seconds 
========================================================================
Received Import Request.
  Time since last request: 0,000219 seconds.
  path: Assets/Art/Sprites/Environment/Ground/Ground 5.png
  artifactKey: Guid(bbcce273e1dbe961f8724f9cad07d317) Importer(815301076,1909f56bfc062723c751e8b465ee728b)
Start importing Assets/Art/Sprites/Environment/Ground/Ground 5.png using Guid(bbcce273e1dbe961f8724f9cad07d317) Importer(815301076,1909f56bfc062723c751e8b465ee728b)  -> (artifact id: '79abd0343895347fd3fa89dab9be567e') in 0,013311 seconds 
========================================================================
Received Import Request.
  Time since last request: 0,000277 seconds.
  path: Assets/Art/Sprites/Environment/Ground/Ground 1.png
  artifactKey: Guid(f639826971babc7ffb1e5fe946b22229) Importer(815301076,1909f56bfc062723c751e8b465ee728b)
Start importing Assets/Art/Sprites/Environment/Ground/Ground 1.png using Guid(f639826971babc7ffb1e5fe946b22229) Importer(815301076,1909f56bfc062723c751e8b465ee728b)  -> (artifact id: 'a2ac5a1b090908ea7e020ebfdaeb0075') in 0,016894 seconds 
========================================================================
Received Import Request.
  Time since last request: 0,018552 seconds.
  path: Assets/Art/Sprites/Environment/Ground/GROUND.png
  artifactKey: Guid(2512730370c12a3d3a7940bb97b95212) Importer(815301076,1909f56bfc062723c751e8b465ee728b)
Start importing Assets/Art/Sprites/Environment/Ground/GROUND.png using Guid(2512730370c12a3d3a7940bb97b95212) Importer(815301076,1909f56bfc062723c751e8b465ee728b)  -> (artifact id: '4d533fec5419cbc8ef1d6778a4b8fce6') in 0,019058 seconds 
========================================================================
Received Import Request.
  Time since last request: 15,243959 seconds.
  path: Assets/Art/Sprites/Environment/Bridge/Bridge.png
  artifactKey: Guid(6bde67a7b5bf6a7928f99117a12f1de1) Importer(815301076,1909f56bfc062723c751e8b465ee728b)
Start importing Assets/Art/Sprites/Environment/Bridge/Bridge.png using Guid(6bde67a7b5bf6a7928f99117a12f1de1) Importer(815301076,1909f56bfc062723c751e8b465ee728b)  -> (artifact id: '50b9a27d60e7a3e82ccdaa1c1949cb50') in 0,024264 seconds 
========================================================================
Received Import Request.
  Time since last request: 0,000342 seconds.
  path: Assets/Art/Sprites/Environment/Bridge/Jembatan Belakang.png
  artifactKey: Guid(b27b703d332fbd37580958ecd6ae55f5) Importer(815301076,1909f56bfc062723c751e8b465ee728b)
Start importing Assets/Art/Sprites/Environment/Bridge/Jembatan Belakang.png using Guid(b27b703d332fbd37580958ecd6ae55f5) Importer(815301076,1909f56bfc062723c751e8b465ee728b)  -> (artifact id: 'd2b944c77b01541e359385d4abb92eda') in 0,065000 seconds 
========================================================================
Received Import Request.
  Time since last request: 0,000252 seconds.
  path: Assets/Art/Sprites/Environment/Bridge/Jembatan Depan.png
  artifactKey: Guid(340b501ba3683ed1bbc300ff4b7a6ff0) Importer(815301076,1909f56bfc062723c751e8b465ee728b)
Start importing Assets/Art/Sprites/Environment/Bridge/Jembatan Depan.png using Guid(340b501ba3683ed1bbc300ff4b7a6ff0) Importer(815301076,1909f56bfc062723c751e8b465ee728b)  -> (artifact id: '31d781fab7ecca00a08eb241699a4bd2') in 0,011583 seconds 
========================================================================
Received Import Request.
  Time since last request: 0,000273 seconds.
  path: Assets/Art/Sprites/Environment/Bridge/Jembatan Tengah.png
  artifactKey: Guid(1a98de390bf1e3298ac052c6f9dc456d) Importer(815301076,1909f56bfc062723c751e8b465ee728b)
Start importing Assets/Art/Sprites/Environment/Bridge/Jembatan Tengah.png using Guid(1a98de390bf1e3298ac052c6f9dc456d) Importer(815301076,1909f56bfc062723c751e8b465ee728b)  -> (artifact id: '96add6e2f652a733130511787d7bff19') in 0,008814 seconds 
========================================================================
Received Import Request.
  Time since last request: 37,976644 seconds.
  path: Assets/Art/Sprites/Environment/Background.png
  artifactKey: Guid(693975f487c6fd9b9b7fef24876f8695) Importer(815301076,1909f56bfc062723c751e8b465ee728b)
Start importing Assets/Art/Sprites/Environment/Background.png using Guid(693975f487c6fd9b9b7fef24876f8695) Importer(815301076,1909f56bfc062723c751e8b465ee728b)  -> (artifact id: 'ab5205031ebc15ff7eb58fc27ea24308') in 0,020318 seconds 
========================================================================
Received Import Request.
  Time since last request: 0,000283 seconds.
  path: Assets/Art/Sprites/Environment/Platform.png
  artifactKey: Guid(e8578496935bdf1f2b564bf6bda9e30c) Importer(815301076,1909f56bfc062723c751e8b465ee728b)
Start importing Assets/Art/Sprites/Environment/Platform.png using Guid(e8578496935bdf1f2b564bf6bda9e30c) Importer(815301076,1909f56bfc062723c751e8b465ee728b)  -> (artifact id: '74eeaed65d1406c6ba5a8ff004763604') in 0,009215 seconds 
========================================================================
Received Import Request.
  Time since last request: 0,000291 seconds.
  path: Assets/Art/Sprites/Environment/Platform with Ground.png
  artifactKey: Guid(0e5105aae701ea8eda1785d58079d934) Importer(815301076,1909f56bfc062723c751e8b465ee728b)
Start importing Assets/Art/Sprites/Environment/Platform with Ground.png using Guid(0e5105aae701ea8eda1785d58079d934) Importer(815301076,1909f56bfc062723c751e8b465ee728b)  -> (artifact id: '23ce2198f62b2a45791142727513d2d2') in 0,019117 seconds 
========================================================================
Received Import Request.
  Time since last request: 40,480492 seconds.
  path: Assets/Prefabs/Characters/Sekar.prefab
  artifactKey: Guid(55fa0f61e8a15709b9b2d1b72d06de6f) Importer(815301076,1909f56bfc062723c751e8b465ee728b)
Start importing Assets/Prefabs/Characters/Sekar.prefab using Guid(55fa0f61e8a15709b9b2d1b72d06de6f) Importer(815301076,1909f56bfc062723c751e8b465ee728b)  -> (artifact id: '7826420ff9647e0a6b55cd1bae9df7f3') in 0,003236 seconds 
========================================================================
Received Prepare
Registering precompiled user dll's ...
Registered in 0,004478 seconds.
Begin MonoManager ReloadAssembly
Native extension for LinuxStandalone target not found
Refreshing native plugins compatible for Editor in 0,59 ms, found 1 plugins.
Preloading 0 native plugins for Editor in 0,00 ms.
Mono: successfully reloaded assembly
- Completed reload, in  1,544 seconds
Domain Reload Profiling:
	ReloadAssembly (1545ms)
		BeginReloadAssembly (177ms)
			ExecutionOrderSort (0ms)
			DisableScriptedObjects (10ms)
			BackupInstance (0ms)
			ReleaseScriptingObjects (0ms)
			CreateAndSetChildDomain (61ms)
		EndReloadAssembly (1266ms)
			LoadAssemblies (143ms)
			RebuildTransferFunctionScriptingTraits (0ms)
			SetupTypeCache (445ms)
			ReleaseScriptCaches (1ms)
			RebuildScriptCaches (78ms)
			SetupLoadedEditorAssemblies (466ms)
				LogAssemblyErrors (0ms)
				InitializePlatformSupportModulesInManaged (9ms)
				SetLoadedEditorAssemblies (1ms)
				RefreshPlugins (1ms)
				BeforeProcessingInitializeOnLoad (90ms)
				ProcessInitializeOnLoadAttributes (330ms)
				ProcessInitializeOnLoadMethodAttributes (24ms)
				AfterProcessingInitializeOnLoad (11ms)
				EditorAssembliesLoaded (0ms)
			ExecutionOrderSort2 (0ms)
			AwakeInstancesAfterBackupRestoration (7ms)
Platform modules already initialized, skipping
Refreshing native plugins compatible for Editor in 0,61 ms, found 1 plugins.
Preloading 0 native plugins for Editor in 0,00 ms.
Unloading 2179 Unused Serialized files (Serialized files now loaded: 0)
System memory in use before: 92,0 MB.
System memory in use after: 92,0 MB.

Unloading 20 unused Assets to reduce memory usage. Loaded Objects now: 2658.
Total: 7,370372 ms (FindLiveObjects: 0,216766 ms CreateObjectMapping: 0,086064 ms MarkObjects: 6,890441 ms  DeleteObjects: 0,174838 ms)

AssetImportParameters requested are different than current active one (requested -> active):
  custom:video-decoder-ogg-theora: a1e56fd34408186e4bbccfd4996cb3dc -> 
  custom:container-muxer-webm: aa71ff27fc2769a1b78a27578f13a17b -> 
  custom:container-demuxer-webm: 4f35f7cbe854078d1ac9338744f61a02 -> 
  custom:container-demuxer-ogg: 62fdf1f143b41e24485cea50d1cbac27 -> 
  custom:video-encoder-webm-vp8: eb34c28f22e8b96e1ab97ce403110664 -> 
  custom:video-decoder-webm-vp8: 9c59270c3fd7afecdb556c50c9e8de78 -> 
  custom:audio-decoder-ogg-vorbis: bf7c407c2cedff20999df2af8eb42d56 -> 
  custom:audio-encoder-webm-vorbis: bf7c407c2cedff20999df2af8eb42d56 -> 
========================================================================
Received Prepare
Registering precompiled user dll's ...
Registered in 0,004605 seconds.
Begin MonoManager ReloadAssembly
Native extension for LinuxStandalone target not found
Refreshing native plugins compatible for Editor in 1,12 ms, found 1 plugins.
Preloading 0 native plugins for Editor in 0,00 ms.
Mono: successfully reloaded assembly
- Completed reload, in  1,546 seconds
Domain Reload Profiling:
	ReloadAssembly (1547ms)
		BeginReloadAssembly (152ms)
			ExecutionOrderSort (0ms)
			DisableScriptedObjects (10ms)
			BackupInstance (0ms)
			ReleaseScriptingObjects (0ms)
			CreateAndSetChildDomain (44ms)
		EndReloadAssembly (1297ms)
			LoadAssemblies (134ms)
			RebuildTransferFunctionScriptingTraits (0ms)
			SetupTypeCache (450ms)
			ReleaseScriptCaches (1ms)
			RebuildScriptCaches (80ms)
			SetupLoadedEditorAssemblies (493ms)
				LogAssemblyErrors (0ms)
				InitializePlatformSupportModulesInManaged (8ms)
				SetLoadedEditorAssemblies (1ms)
				RefreshPlugins (1ms)
				BeforeProcessingInitializeOnLoad (109ms)
				ProcessInitializeOnLoadAttributes (338ms)
				ProcessInitializeOnLoadMethodAttributes (24ms)
				AfterProcessingInitializeOnLoad (12ms)
				EditorAssembliesLoaded (0ms)
			ExecutionOrderSort2 (0ms)
			AwakeInstancesAfterBackupRestoration (7ms)
Platform modules already initialized, skipping
Refreshing native plugins compatible for Editor in 0,60 ms, found 1 plugins.
Preloading 0 native plugins for Editor in 0,00 ms.
Unloading 2179 Unused Serialized files (Serialized files now loaded: 0)
System memory in use before: 92,1 MB.
System memory in use after: 92,0 MB.

Unloading 20 unused Assets to reduce memory usage. Loaded Objects now: 2661.
Total: 7,252010 ms (FindLiveObjects: 0,206483 ms CreateObjectMapping: 0,085287 ms MarkObjects: 6,775797 ms  DeleteObjects: 0,182805 ms)

AssetImportParameters requested are different than current active one (requested -> active):
  custom:video-decoder-ogg-theora: a1e56fd34408186e4bbccfd4996cb3dc -> 
  custom:container-muxer-webm: aa71ff27fc2769a1b78a27578f13a17b -> 
  custom:container-demuxer-webm: 4f35f7cbe854078d1ac9338744f61a02 -> 
  custom:container-demuxer-ogg: 62fdf1f143b41e24485cea50d1cbac27 -> 
  custom:video-encoder-webm-vp8: eb34c28f22e8b96e1ab97ce403110664 -> 
  custom:video-decoder-webm-vp8: 9c59270c3fd7afecdb556c50c9e8de78 -> 
  custom:audio-decoder-ogg-vorbis: bf7c407c2cedff20999df2af8eb42d56 -> 
  custom:audio-encoder-webm-vorbis: bf7c407c2cedff20999df2af8eb42d56 -> 
========================================================================
Received Prepare
Registering precompiled user dll's ...
Registered in 0,004467 seconds.
Begin MonoManager ReloadAssembly
Native extension for LinuxStandalone target not found
Refreshing native plugins compatible for Editor in 0,60 ms, found 1 plugins.
Preloading 0 native plugins for Editor in 0,00 ms.
Mono: successfully reloaded assembly
- Completed reload, in  1,524 seconds
Domain Reload Profiling:
	ReloadAssembly (1525ms)
		BeginReloadAssembly (160ms)
			ExecutionOrderSort (0ms)
			DisableScriptedObjects (14ms)
			BackupInstance (0ms)
			ReleaseScriptingObjects (0ms)
			CreateAndSetChildDomain (47ms)
		EndReloadAssembly (1269ms)
			LoadAssemblies (134ms)
			RebuildTransferFunctionScriptingTraits (0ms)
			SetupTypeCache (439ms)
			ReleaseScriptCaches (1ms)
			RebuildScriptCaches (84ms)
			SetupLoadedEditorAssemblies (468ms)
				LogAssemblyErrors (0ms)
				InitializePlatformSupportModulesInManaged (8ms)
				SetLoadedEditorAssemblies (1ms)
				RefreshPlugins (1ms)
				BeforeProcessingInitializeOnLoad (90ms)
				ProcessInitializeOnLoadAttributes (332ms)
				ProcessInitializeOnLoadMethodAttributes (25ms)
				AfterProcessingInitializeOnLoad (12ms)
				EditorAssembliesLoaded (0ms)
			ExecutionOrderSort2 (0ms)
			AwakeInstancesAfterBackupRestoration (7ms)
Platform modules already initialized, skipping
Refreshing native plugins compatible for Editor in 0,66 ms, found 1 plugins.
Preloading 0 native plugins for Editor in 0,00 ms.
Unloading 2179 Unused Serialized files (Serialized files now loaded: 0)
System memory in use before: 92,1 MB.
System memory in use after: 92,1 MB.

Unloading 20 unused Assets to reduce memory usage. Loaded Objects now: 2664.
Total: 13,487178 ms (FindLiveObjects: 0,415110 ms CreateObjectMapping: 0,216697 ms MarkObjects: 12,489944 ms  DeleteObjects: 0,362254 ms)

AssetImportParameters requested are different than current active one (requested -> active):
  custom:video-decoder-ogg-theora: a1e56fd34408186e4bbccfd4996cb3dc -> 
  custom:container-muxer-webm: aa71ff27fc2769a1b78a27578f13a17b -> 
  custom:container-demuxer-webm: 4f35f7cbe854078d1ac9338744f61a02 -> 
  custom:container-demuxer-ogg: 62fdf1f143b41e24485cea50d1cbac27 -> 
  custom:video-encoder-webm-vp8: eb34c28f22e8b96e1ab97ce403110664 -> 
  custom:video-decoder-webm-vp8: 9c59270c3fd7afecdb556c50c9e8de78 -> 
  custom:audio-decoder-ogg-vorbis: bf7c407c2cedff20999df2af8eb42d56 -> 
  custom:audio-encoder-webm-vorbis: bf7c407c2cedff20999df2af8eb42d56 -> 
========================================================================
Received Prepare
Registering precompiled user dll's ...
Registered in 0,004486 seconds.
Begin MonoManager ReloadAssembly
Native extension for LinuxStandalone target not found
Refreshing native plugins compatible for Editor in 0,61 ms, found 1 plugins.
Preloading 0 native plugins for Editor in 0,00 ms.
Mono: successfully reloaded assembly
- Completed reload, in  1,714 seconds
Domain Reload Profiling:
	ReloadAssembly (1715ms)
		BeginReloadAssembly (162ms)
			ExecutionOrderSort (0ms)
			DisableScriptedObjects (10ms)
			BackupInstance (0ms)
			ReleaseScriptingObjects (0ms)
			CreateAndSetChildDomain (50ms)
		EndReloadAssembly (1455ms)
			LoadAssemblies (139ms)
			RebuildTransferFunctionScriptingTraits (0ms)
			SetupTypeCache (447ms)
			ReleaseScriptCaches (1ms)
			RebuildScriptCaches (81ms)
			SetupLoadedEditorAssemblies (630ms)
				LogAssemblyErrors (0ms)
				InitializePlatformSupportModulesInManaged (8ms)
				SetLoadedEditorAssemblies (1ms)
				RefreshPlugins (1ms)
				BeforeProcessingInitializeOnLoad (126ms)
				ProcessInitializeOnLoadAttributes (445ms)
				ProcessInitializeOnLoadMethodAttributes (34ms)
				AfterProcessingInitializeOnLoad (15ms)
				EditorAssembliesLoaded (0ms)
			ExecutionOrderSort2 (0ms)
			AwakeInstancesAfterBackupRestoration (10ms)
Platform modules already initialized, skipping
Refreshing native plugins compatible for Editor in 0,61 ms, found 1 plugins.
Preloading 0 native plugins for Editor in 0,00 ms.
Unloading 2179 Unused Serialized files (Serialized files now loaded: 0)
System memory in use before: 92,2 MB.
System memory in use after: 92,1 MB.

Unloading 20 unused Assets to reduce memory usage. Loaded Objects now: 2667.
Total: 8,560943 ms (FindLiveObjects: 0,282558 ms CreateObjectMapping: 0,131480 ms MarkObjects: 7,931077 ms  DeleteObjects: 0,213652 ms)

AssetImportParameters requested are different than current active one (requested -> active):
  custom:video-decoder-ogg-theora: a1e56fd34408186e4bbccfd4996cb3dc -> 
  custom:container-muxer-webm: aa71ff27fc2769a1b78a27578f13a17b -> 
  custom:container-demuxer-webm: 4f35f7cbe854078d1ac9338744f61a02 -> 
  custom:container-demuxer-ogg: 62fdf1f143b41e24485cea50d1cbac27 -> 
  custom:video-encoder-webm-vp8: eb34c28f22e8b96e1ab97ce403110664 -> 
  custom:video-decoder-webm-vp8: 9c59270c3fd7afecdb556c50c9e8de78 -> 
  custom:audio-decoder-ogg-vorbis: bf7c407c2cedff20999df2af8eb42d56 -> 
  custom:audio-encoder-webm-vorbis: bf7c407c2cedff20999df2af8eb42d56 -> 
========================================================================
Received Prepare
Registering precompiled user dll's ...
Registered in 0,004339 seconds.
Begin MonoManager ReloadAssembly
Native extension for LinuxStandalone target not found
Refreshing native plugins compatible for Editor in 0,63 ms, found 1 plugins.
Preloading 0 native plugins for Editor in 0,00 ms.
Mono: successfully reloaded assembly
- Completed reload, in  1,509 seconds
Domain Reload Profiling:
	ReloadAssembly (1510ms)
		BeginReloadAssembly (158ms)
			ExecutionOrderSort (0ms)
			DisableScriptedObjects (10ms)
			BackupInstance (0ms)
			ReleaseScriptingObjects (0ms)
			CreateAndSetChildDomain (49ms)
		EndReloadAssembly (1255ms)
			LoadAssemblies (136ms)
			RebuildTransferFunctionScriptingTraits (0ms)
			SetupTypeCache (443ms)
			ReleaseScriptCaches (1ms)
			RebuildScriptCaches (77ms)
			SetupLoadedEditorAssemblies (461ms)
				LogAssemblyErrors (0ms)
				InitializePlatformSupportModulesInManaged (8ms)
				SetLoadedEditorAssemblies (1ms)
				RefreshPlugins (1ms)
				BeforeProcessingInitializeOnLoad (89ms)
				ProcessInitializeOnLoadAttributes (327ms)
				ProcessInitializeOnLoadMethodAttributes (23ms)
				AfterProcessingInitializeOnLoad (11ms)
				EditorAssembliesLoaded (0ms)
			ExecutionOrderSort2 (0ms)
			AwakeInstancesAfterBackupRestoration (6ms)
Platform modules already initialized, skipping
Refreshing native plugins compatible for Editor in 0,57 ms, found 1 plugins.
Preloading 0 native plugins for Editor in 0,00 ms.
Unloading 2179 Unused Serialized files (Serialized files now loaded: 0)
System memory in use before: 92,2 MB.
System memory in use after: 92,2 MB.

Unloading 20 unused Assets to reduce memory usage. Loaded Objects now: 2670.
Total: 7,082277 ms (FindLiveObjects: 0,193639 ms CreateObjectMapping: 0,076218 ms MarkObjects: 6,621292 ms  DeleteObjects: 0,189519 ms)

AssetImportParameters requested are different than current active one (requested -> active):
  custom:video-decoder-ogg-theora: a1e56fd34408186e4bbccfd4996cb3dc -> 
  custom:container-muxer-webm: aa71ff27fc2769a1b78a27578f13a17b -> 
  custom:container-demuxer-webm: 4f35f7cbe854078d1ac9338744f61a02 -> 
  custom:container-demuxer-ogg: 62fdf1f143b41e24485cea50d1cbac27 -> 
  custom:video-encoder-webm-vp8: eb34c28f22e8b96e1ab97ce403110664 -> 
  custom:video-decoder-webm-vp8: 9c59270c3fd7afecdb556c50c9e8de78 -> 
  custom:audio-decoder-ogg-vorbis: bf7c407c2cedff20999df2af8eb42d56 -> 
  custom:audio-encoder-webm-vorbis: bf7c407c2cedff20999df2af8eb42d56 -> 
========================================================================
Received Import Request.
  Time since last request: 1226,143101 seconds.
  path: ProjectSettings/TagManager.asset
  artifactKey: Guid(00000000000000003000000000000000) Importer(815301076,1909f56bfc062723c751e8b465ee728b)
Start importing ProjectSettings/TagManager.asset using Guid(00000000000000003000000000000000) Importer(815301076,1909f56bfc062723c751e8b465ee728b)  -> (artifact id: '95df672b4aaba54310d34c83eef51bb8') in 0,017586 seconds 
========================================================================
Received Import Request.
  Time since last request: 326,979122 seconds.
  path: Assets/Prefabs/Characters/Sekar.prefab
  artifactKey: Guid(55fa0f61e8a15709b9b2d1b72d06de6f) Importer(815301076,1909f56bfc062723c751e8b465ee728b)
Start importing Assets/Prefabs/Characters/Sekar.prefab using Guid(55fa0f61e8a15709b9b2d1b72d06de6f) Importer(815301076,1909f56bfc062723c751e8b465ee728b)  -> (artifact id: '64a0a510a6df6bd7448bb70269b651c3') in 0,020335 seconds 
========================================================================
Received Import Request.
  Time since last request: 9,665963 seconds.
  path: Assets/Prefabs/Characters/Sekar.prefab
  artifactKey: Guid(55fa0f61e8a15709b9b2d1b72d06de6f) Importer(815301076,1909f56bfc062723c751e8b465ee728b)
Start importing Assets/Prefabs/Characters/Sekar.prefab using Guid(55fa0f61e8a15709b9b2d1b72d06de6f) Importer(815301076,1909f56bfc062723c751e8b465ee728b)  -> (artifact id: 'cf9d7af1a192a19726090a0302142230') in 0,003314 seconds 
========================================================================
Received Prepare
Registering precompiled user dll's ...
Registered in 0,004446 seconds.
Begin MonoManager ReloadAssembly
Native extension for LinuxStandalone target not found
Refreshing native plugins compatible for Editor in 0,59 ms, found 1 plugins.
Preloading 0 native plugins for Editor in 0,00 ms.
Mono: successfully reloaded assembly
- Completed reload, in  1,506 seconds
Domain Reload Profiling:
	ReloadAssembly (1507ms)
		BeginReloadAssembly (173ms)
			ExecutionOrderSort (0ms)
			DisableScriptedObjects (10ms)
			BackupInstance (0ms)
			ReleaseScriptingObjects (0ms)
			CreateAndSetChildDomain (45ms)
		EndReloadAssembly (1225ms)
			LoadAssemblies (149ms)
			RebuildTransferFunctionScriptingTraits (0ms)
			SetupTypeCache (423ms)
			ReleaseScriptCaches (1ms)
			RebuildScriptCaches (78ms)
			SetupLoadedEditorAssemblies (457ms)
				LogAssemblyErrors (0ms)
				InitializePlatformSupportModulesInManaged (8ms)
				SetLoadedEditorAssemblies (1ms)
				RefreshPlugins (1ms)
				BeforeProcessingInitializeOnLoad (88ms)
				ProcessInitializeOnLoadAttributes (324ms)
				ProcessInitializeOnLoadMethodAttributes (23ms)
				AfterProcessingInitializeOnLoad (11ms)
				EditorAssembliesLoaded (0ms)
			ExecutionOrderSort2 (0ms)
			AwakeInstancesAfterBackupRestoration (6ms)
Platform modules already initialized, skipping
Refreshing native plugins compatible for Editor in 0,53 ms, found 1 plugins.
Preloading 0 native plugins for Editor in 0,00 ms.
Unloading 2179 Unused Serialized files (Serialized files now loaded: 0)
System memory in use before: 92,2 MB.
System memory in use after: 92,2 MB.

Unloading 21 unused Assets to reduce memory usage. Loaded Objects now: 2673.
Total: 6,915643 ms (FindLiveObjects: 0,192729 ms CreateObjectMapping: 0,077104 ms MarkObjects: 6,466973 ms  DeleteObjects: 0,177417 ms)

AssetImportParameters requested are different than current active one (requested -> active):
  custom:video-decoder-ogg-theora: a1e56fd34408186e4bbccfd4996cb3dc -> 
  custom:container-muxer-webm: aa71ff27fc2769a1b78a27578f13a17b -> 
  custom:container-demuxer-webm: 4f35f7cbe854078d1ac9338744f61a02 -> 
  custom:container-demuxer-ogg: 62fdf1f143b41e24485cea50d1cbac27 -> 
  custom:video-encoder-webm-vp8: eb34c28f22e8b96e1ab97ce403110664 -> 
  custom:video-decoder-webm-vp8: 9c59270c3fd7afecdb556c50c9e8de78 -> 
  custom:audio-decoder-ogg-vorbis: bf7c407c2cedff20999df2af8eb42d56 -> 
  custom:audio-encoder-webm-vorbis: bf7c407c2cedff20999df2af8eb42d56 -> 
========================================================================
Received Import Request.
  Time since last request: 840,985186 seconds.
  path: Assets/Art/Sprites/Environment/Ground/Floating Rock.png
  artifactKey: Guid(a831c732510028172939dc5070a3b055) Importer(815301076,1909f56bfc062723c751e8b465ee728b)
Start importing Assets/Art/Sprites/Environment/Ground/Floating Rock.png using Guid(a831c732510028172939dc5070a3b055) Importer(815301076,1909f56bfc062723c751e8b465ee728b)  -> (artifact id: 'bcc1c35814445200045f4ad459e93af3') in 0,084529 seconds 
========================================================================
Received Import Request.
  Time since last request: 0,000362 seconds.
  path: Assets/Art/Sprites/Environment/Ground/Ground 4.png
  artifactKey: Guid(7b1bdce86a6d4270fa5581d149f9d84d) Importer(815301076,1909f56bfc062723c751e8b465ee728b)
Start importing Assets/Art/Sprites/Environment/Ground/Ground 4.png using Guid(7b1bdce86a6d4270fa5581d149f9d84d) Importer(815301076,1909f56bfc062723c751e8b465ee728b)  -> (artifact id: 'd2f17fabe8b56b6245d5dde80e0608c2') in 0,020832 seconds 
========================================================================
Received Import Request.
  Time since last request: 0,000519 seconds.
  path: Assets/Art/Sprites/Environment/Ground/Ground 3.png
  artifactKey: Guid(4b87c530ed6e65e3885ec0d7d0df4be6) Importer(815301076,1909f56bfc062723c751e8b465ee728b)
Start importing Assets/Art/Sprites/Environment/Ground/Ground 3.png using Guid(4b87c530ed6e65e3885ec0d7d0df4be6) Importer(815301076,1909f56bfc062723c751e8b465ee728b)  -> (artifact id: 'f5922f760c4d69791b7eeaa9cb665212') in 0,018603 seconds 
========================================================================
Received Import Request.
  Time since last request: 0,000318 seconds.
  path: Assets/Art/Sprites/Environment/Ground/Ground 2.png
  artifactKey: Guid(4a1634048a9ea7ae18513bbd85c79485) Importer(815301076,1909f56bfc062723c751e8b465ee728b)
Start importing Assets/Art/Sprites/Environment/Ground/Ground 2.png using Guid(4a1634048a9ea7ae18513bbd85c79485) Importer(815301076,1909f56bfc062723c751e8b465ee728b)  -> (artifact id: 'cee273e19fe8422a9aed9c7c2a8e4aca') in 0,025895 seconds 
========================================================================
Received Import Request.
  Time since last request: 0,000255 seconds.
  path: Assets/Art/Sprites/Environment/Ground/Ground 5.png
  artifactKey: Guid(bbcce273e1dbe961f8724f9cad07d317) Importer(815301076,1909f56bfc062723c751e8b465ee728b)
Start importing Assets/Art/Sprites/Environment/Ground/Ground 5.png using Guid(bbcce273e1dbe961f8724f9cad07d317) Importer(815301076,1909f56bfc062723c751e8b465ee728b)  -> (artifact id: '8a950d7eedeff129a917113f39909262') in 0,013517 seconds 
========================================================================
Received Import Request.
  Time since last request: 0,000228 seconds.
  path: Assets/Art/Sprites/Environment/Ground/Ground 1.png
  artifactKey: Guid(f639826971babc7ffb1e5fe946b22229) Importer(815301076,1909f56bfc062723c751e8b465ee728b)
Start importing Assets/Art/Sprites/Environment/Ground/Ground 1.png using Guid(f639826971babc7ffb1e5fe946b22229) Importer(815301076,1909f56bfc062723c751e8b465ee728b)  -> (artifact id: 'f404f47cece5716045bb7a1671299455') in 0,011644 seconds 
========================================================================
Received Import Request.
  Time since last request: 21,461947 seconds.
  path: Assets/Art/Sprites/Environment/Ground/Floating Rock.png
  artifactKey: Guid(a831c732510028172939dc5070a3b055) Importer(815301076,1909f56bfc062723c751e8b465ee728b)
Start importing Assets/Art/Sprites/Environment/Ground/Floating Rock.png using Guid(a831c732510028172939dc5070a3b055) Importer(815301076,1909f56bfc062723c751e8b465ee728b)  -> (artifact id: '25d70e2f5fd6ef3887b19a3e0dc5ca0d') in 0,013084 seconds 
========================================================================
Received Import Request.
  Time since last request: 11,063056 seconds.
  path: Assets/Art/Sprites/Environment/Ground/Floating Rock.png
  artifactKey: Guid(a831c732510028172939dc5070a3b055) Importer(815301076,1909f56bfc062723c751e8b465ee728b)
Start importing Assets/Art/Sprites/Environment/Ground/Floating Rock.png using Guid(a831c732510028172939dc5070a3b055) Importer(815301076,1909f56bfc062723c751e8b465ee728b)  -> (artifact id: '3f077c09a2ea8f088c3f40bcde3d75be') in 0,010208 seconds 
========================================================================
Received Import Request.
  Time since last request: 14,224216 seconds.
  path: Assets/Art/Sprites/Environment/Ground/Floating Rock.png
  artifactKey: Guid(a831c732510028172939dc5070a3b055) Importer(815301076,1909f56bfc062723c751e8b465ee728b)
Start importing Assets/Art/Sprites/Environment/Ground/Floating Rock.png using Guid(a831c732510028172939dc5070a3b055) Importer(815301076,1909f56bfc062723c751e8b465ee728b)  -> (artifact id: '84fc25311a91e1daa2f5ec1daa3f918b') in 0,011637 seconds 
========================================================================
Received Import Request.
  Time since last request: 12,537286 seconds.
  path: Assets/Art/Sprites/Environment/Ground/Floating Rock.png
  artifactKey: Guid(a831c732510028172939dc5070a3b055) Importer(815301076,1909f56bfc062723c751e8b465ee728b)
Start importing Assets/Art/Sprites/Environment/Ground/Floating Rock.png using Guid(a831c732510028172939dc5070a3b055) Importer(815301076,1909f56bfc062723c751e8b465ee728b)  -> (artifact id: '9e3cb71d6231b0e0c364eb35f650109c') in 0,010484 seconds 
========================================================================
Received Import Request.
  Time since last request: 6,130162 seconds.
  path: Assets/Art/Sprites/Environment/Ground/Floating Rock.png
  artifactKey: Guid(a831c732510028172939dc5070a3b055) Importer(815301076,1909f56bfc062723c751e8b465ee728b)
Start importing Assets/Art/Sprites/Environment/Ground/Floating Rock.png using Guid(a831c732510028172939dc5070a3b055) Importer(815301076,1909f56bfc062723c751e8b465ee728b)  -> (artifact id: '9d22c4f81f06c18d8f975e27dd5699c5') in 0,013154 seconds 
========================================================================
Received Import Request.
  Time since last request: 10,217025 seconds.
  path: Assets/Art/Sprites/Environment/Ground/Floating Rock.png
  artifactKey: Guid(a831c732510028172939dc5070a3b055) Importer(815301076,1909f56bfc062723c751e8b465ee728b)
Start importing Assets/Art/Sprites/Environment/Ground/Floating Rock.png using Guid(a831c732510028172939dc5070a3b055) Importer(815301076,1909f56bfc062723c751e8b465ee728b)  -> (artifact id: '7ec884ac3e409db1c038778dba6e4b9c') in 0,011767 seconds 
========================================================================
Received Import Request.
  Time since last request: 35,428393 seconds.
  path: Assets/Art/Sprites/Environment/Ground/Ground 1.png
  artifactKey: Guid(f639826971babc7ffb1e5fe946b22229) Importer(815301076,1909f56bfc062723c751e8b465ee728b)
Start importing Assets/Art/Sprites/Environment/Ground/Ground 1.png using Guid(f639826971babc7ffb1e5fe946b22229) Importer(815301076,1909f56bfc062723c751e8b465ee728b)  -> (artifact id: '212472a14de1d6b6aea51b1d86ef607f') in 0,012734 seconds 
========================================================================
Received Import Request.
  Time since last request: 0,000233 seconds.
  path: Assets/Art/Sprites/Environment/Ground/Ground 4.png
  artifactKey: Guid(7b1bdce86a6d4270fa5581d149f9d84d) Importer(815301076,1909f56bfc062723c751e8b465ee728b)
Start importing Assets/Art/Sprites/Environment/Ground/Ground 4.png using Guid(7b1bdce86a6d4270fa5581d149f9d84d) Importer(815301076,1909f56bfc062723c751e8b465ee728b)  -> (artifact id: '8d0ec08511d2c188d6f03f262b4fee7c') in 0,015685 seconds 
========================================================================
Received Import Request.
  Time since last request: 0,000242 seconds.
  path: Assets/Art/Sprites/Environment/Ground/Ground 3.png
  artifactKey: Guid(4b87c530ed6e65e3885ec0d7d0df4be6) Importer(815301076,1909f56bfc062723c751e8b465ee728b)
Start importing Assets/Art/Sprites/Environment/Ground/Ground 3.png using Guid(4b87c530ed6e65e3885ec0d7d0df4be6) Importer(815301076,1909f56bfc062723c751e8b465ee728b)  -> (artifact id: 'd32062b369db1c583c40c8b175f4abd6') in 0,012942 seconds 
========================================================================
Received Import Request.
  Time since last request: 0,000253 seconds.
  path: Assets/Art/Sprites/Environment/Ground/Ground 2.png
  artifactKey: Guid(4a1634048a9ea7ae18513bbd85c79485) Importer(815301076,1909f56bfc062723c751e8b465ee728b)
Start importing Assets/Art/Sprites/Environment/Ground/Ground 2.png using Guid(4a1634048a9ea7ae18513bbd85c79485) Importer(815301076,1909f56bfc062723c751e8b465ee728b)  -> (artifact id: '1e93d0eb3bd732ccf4c9472ae153c6a8') in 0,021817 seconds 
========================================================================
Received Import Request.
  Time since last request: 0,000218 seconds.
  path: Assets/Art/Sprites/Environment/Ground/Ground 5.png
  artifactKey: Guid(bbcce273e1dbe961f8724f9cad07d317) Importer(815301076,1909f56bfc062723c751e8b465ee728b)
Start importing Assets/Art/Sprites/Environment/Ground/Ground 5.png using Guid(bbcce273e1dbe961f8724f9cad07d317) Importer(815301076,1909f56bfc062723c751e8b465ee728b)  -> (artifact id: '6ea101b4d1cbdde8c816be8d02c11352') in 0,013071 seconds 
